<?xml version="1.0" encoding="UTF-8"?>
<!-- Generated by org.testng.reporters.JUnitReportReporter -->
<testsuite hostname="PRO-IND-1193" failures="0" tests="1" name="prob.Pack3" time="0.053" errors="0" timestamp="07 Apr 2024 11:04:04 GMT" skipped="0">
  <testcase classname="prob.Pack3" name="typeConvertion" time="0.053"/>
</testsuite> <!-- prob.Pack3 -->
