<?xml version="1.0" encoding="UTF-8"?>
<!-- Generated by org.testng.reporters.JUnitReportReporter -->
<testsuite hostname="PRO-IND-1193" failures="0" tests="1" name="tests.Scenario2" time="2.925" errors="0" timestamp="04 Apr 2024 09:15:34 GMT" skipped="0">
  <testcase classname="tests.Scenario2" name="tc2" time="2.925"/>
</testsuite> <!-- tests.Scenario2 -->
