<?xml version="1.0" encoding="UTF-8"?>
<!-- Generated by org.testng.reporters.JUnitReportReporter -->
<testsuite hostname="PRO-IND-1193" failures="0" tests="6" name="tests.Scenario5" time="35.268" errors="0" timestamp="05 Apr 2024 16:51:51 GMT" skipped="0">
  <testcase classname="tests.Scenario5" name="tc1" time="6.517"/>
  <testcase classname="tests.Scenario5" name="tc1" time="6.133"/>
  <testcase classname="tests.Scenario5" name="tc1" time="5.913"/>
  <testcase classname="tests.Scenario5" name="tc1" time="6.537"/>
  <testcase classname="tests.Scenario5" name="tc1" time="6.453"/>
  <testcase classname="tests.Scenario5" name="tc1" time="3.715"/>
</testsuite> <!-- tests.Scenario5 -->
