<?xml version="1.0" encoding="UTF-8"?>
<!-- Generated by org.testng.reporters.JUnitReportReporter -->
<testsuite hostname="PRO-IND-1193" failures="0" tests="1" name="prob.Pack4" time="0.058" errors="0" timestamp="07 Apr 2024 11:23:33 GMT" skipped="0">
  <testcase classname="prob.Pack4" name="maxConseOnes" time="0.058"/>
</testsuite> <!-- prob.Pack4 -->
