<?xml version="1.0" encoding="UTF-8"?>
<!-- Generated by org.testng.reporters.JUnitReportReporter -->
<testsuite hostname="PRO-IND-1193" failures="0" tests="2" name="tests.Scenario3" time="3.524" errors="0" timestamp="04 Apr 2024 09:15:34 GMT" skipped="1">
  <testcase classname="tests.Scenario3" name="tc2" time="3.524"/>
  <testcase classname="tests.Scenario3" name="tc1">
    <skipped/>
  </testcase> <!-- tc1 -->
</testsuite> <!-- tests.Scenario3 -->
