<?xml version="1.0" encoding="UTF-8"?>
<!-- Generated by org.testng.reporters.JUnitReportReporter -->
<testsuite hostname="PRO-IND-1193" failures="0" tests="1" name="prob.Pack1" time="0.105" errors="0" timestamp="06 Apr 2024 16:19:42 GMT" skipped="0">
  <testcase classname="prob.Pack1" name="primeTest" time="0.105"/>
</testsuite> <!-- prob.Pack1 -->
