<?xml version="1.0" encoding="UTF-8"?>
<!-- Generated by org.testng.reporters.JUnitReportReporter -->
<testsuite hostname="PRO-IND-1193" failures="0" tests="1" name="prob.Pack4" time="0.068" errors="0" timestamp="08 Apr 2024 09:24:17 GMT" skipped="0">
  <testcase classname="prob.Pack4" name="missingValueArray" time="0.068"/>
</testsuite> <!-- prob.Pack4 -->
