<?xml version="1.0" encoding="UTF-8"?>
<!-- Generated by org.testng.reporters.JUnitReportReporter -->
<testsuite hostname="PRO-IND-1193" failures="0" tests="2" name="tests.Scenario4" time="7.788" errors="0" timestamp="04 Apr 2024 09:15:34 GMT" skipped="0">
  <testcase classname="tests.Scenario4" name="tc1" time="4.822"/>
  <testcase classname="tests.Scenario4" name="tc2" time="2.966"/>
</testsuite> <!-- tests.Scenario4 -->
