<?xml version="1.0" encoding="UTF-8"?>
<!-- Generated by org.testng.reporters.JUnitReportReporter -->
<testsuite hostname="PRO-IND-1193" failures="0" tests="1" name="tests.Scenario2" time="2.542" errors="0" timestamp="01 Apr 2024 09:03:50 GMT" skipped="0">
  <testcase classname="tests.Scenario2" name="tc2" time="2.542"/>
</testsuite> <!-- tests.Scenario2 -->
