<?xml version="1.0" encoding="UTF-8"?>
<!-- Generated by org.testng.reporters.JUnitReportReporter -->
<testsuite hostname="PRO-IND-1193" failures="0" tests="2" name="tests.Scenario4" time="10.381" errors="0" timestamp="05 Apr 2024 16:51:51 GMT" skipped="0">
  <testcase classname="tests.Scenario4" name="tc1" time="6.041"/>
  <testcase classname="tests.Scenario4" name="tc2" time="4.340"/>
</testsuite> <!-- tests.Scenario4 -->
