<?xml version="1.0" encoding="UTF-8"?>
<!-- Generated by org.testng.reporters.JUnitReportReporter -->
<testsuite hostname="PRO-IND-1193" failures="0" tests="1" name="tests.Scenario8" time="37.494" errors="0" timestamp="08 Apr 2024 16:57:12 GMT" skipped="0">
  <testcase classname="tests.Scenario8" name="popupAuthLogin" time="37.494"/>
</testsuite> <!-- tests.Scenario8 -->
