<?xml version="1.0" encoding="UTF-8"?>
<!-- Generated by org.testng.reporters.JUnitReportReporter -->
<testsuite hostname="PRO-IND-1193" failures="0" tests="1" name="restTests.GetTest1" time="2.977" errors="0" timestamp="11 Apr 2024 10:28:00 GMT" skipped="0">
  <testcase classname="restTests.GetTest1" name="getAllBookingIds" time="2.977"/>
</testsuite> <!-- restTests.GetTest1 -->
