<?xml version="1.0" encoding="UTF-8"?>
<!-- Generated by org.testng.reporters.JUnitReportReporter -->
<testsuite hostname="PRO-IND-1193" failures="0" tests="1" name="tests.Scenario1" time="11.180" errors="0" timestamp="05 Apr 2024 16:51:51 GMT" skipped="0">
  <testcase classname="tests.Scenario1" name="tc1" time="11.180"/>
</testsuite> <!-- tests.Scenario1 -->
