<?xml version="1.0" encoding="UTF-8"?>
<!-- Generated by org.testng.reporters.JUnitReportReporter -->
<testsuite hostname="PRO-IND-1193" failures="0" tests="1" name="tests.Scenario9" time="0.064" errors="0" timestamp="09 Apr 2024 05:45:14 GMT" skipped="0">
  <testcase classname="tests.Scenario9" name="collectionsTesting" time="0.064"/>
</testsuite> <!-- tests.Scenario9 -->
