<?xml version="1.0" encoding="UTF-8"?>
<!-- Generated by org.testng.reporters.JUnitReportReporter -->
<testsuite hostname="PRO-IND-1193" failures="0" tests="1" name="tests.Scenario2" time="4.011" errors="0" timestamp="05 Apr 2024 16:51:51 GMT" skipped="0">
  <testcase classname="tests.Scenario2" name="tc2" time="4.011"/>
</testsuite> <!-- tests.Scenario2 -->
