<?xml version="1.0" encoding="UTF-8"?>
<!-- Generated by org.testng.reporters.JUnitReportReporter -->
<testsuite hostname="PRO-IND-1193" failures="0" tests="1" name="tests.Scenario7" time="4.777" errors="0" timestamp="06 Apr 2024 07:25:28 GMT" skipped="0">
  <testcase classname="tests.Scenario7" name="tc1" time="4.777"/>
</testsuite> <!-- tests.Scenario7 -->
