<?xml version="1.0" encoding="UTF-8"?>
<!-- Generated by org.testng.reporters.JUnitReportReporter -->
<testsuite hostname="PRO-IND-1193" failures="0" tests="1" name="prob.Pack2" time="0.058" errors="0" timestamp="07 Apr 2024 03:14:48 GMT" skipped="0">
  <testcase classname="prob.Pack2" name="longestConsecutiveOccurenceExample" time="0.058"/>
</testsuite> <!-- prob.Pack2 -->
