<?xml version="1.0" encoding="UTF-8"?>
<!-- Generated by org.testng.reporters.JUnitReportReporter -->
<testsuite hostname="PRO-IND-1193" failures="0" tests="1" name="prob.Pack5" time="0.054" errors="0" timestamp="08 Apr 2024 09:48:59 GMT" skipped="0">
  <testcase classname="prob.Pack5" name="checkEleCollection" time="0.054"/>
</testsuite> <!-- prob.Pack5 -->
