<?xml version="1.0" encoding="UTF-8"?>
<!-- Generated by org.testng.reporters.JUnitReportReporter -->
<testsuite hostname="PRO-IND-1193" failures="0" tests="1" name="javaLatest.Java8" time="0.064" errors="0" timestamp="11 Apr 2024 11:36:23 GMT" skipped="0">
  <testcase classname="javaLatest.Java8" name="biFunctionTest" time="0.064"/>
</testsuite> <!-- javaLatest.Java8 -->
