<?xml version="1.0" encoding="UTF-8"?>
<!-- Generated by org.testng.reporters.JUnitReportReporter -->
<testsuite hostname="PRO-IND-1193" failures="0" tests="1" name="tests.Flipkart" time="51.464" errors="0" timestamp="14 Apr 2024 03:20:46 GMT" skipped="0">
  <testcase classname="tests.Flipkart" name="test1" time="51.464"/>
</testsuite> <!-- tests.Flipkart -->
