<?xml version="1.0" encoding="UTF-8"?>
<!-- Generated by org.testng.reporters.JUnitReportReporter -->
<testsuite hostname="PRO-IND-1193" failures="0" tests="1" name="restTests.postTest" time="4.224" errors="0" timestamp="11 Apr 2024 06:34:23 GMT" skipped="0">
  <testcase classname="restTests.postTest" name="createBookingID" time="4.224"/>
</testsuite> <!-- restTests.postTest -->
