<?xml version="1.0" encoding="UTF-8"?>
<!-- Generated by org.testng.reporters.JUnitReportReporter -->
<testsuite hostname="PRO-IND-1193" failures="0" tests="1" name="tests.Scenario3" time="12.958" errors="0" timestamp="01 Apr 2024 09:03:50 GMT" skipped="0">
  <testcase classname="tests.Scenario3" name="tc1" time="12.958"/>
</testsuite> <!-- tests.Scenario3 -->
