<?xml version="1.0" encoding="UTF-8"?>
<!-- Generated by org.testng.reporters.JUnitReportReporter -->
<testsuite hostname="PRO-IND-1193" failures="0" tests="1" name="prob.Pack4" time="0.066" errors="0" timestamp="08 Apr 2024 08:48:24 GMT" skipped="0">
  <testcase classname="prob.Pack4" name="removeDuplicate" time="0.066"/>
</testsuite> <!-- prob.Pack4 -->
